2025-12-02T06:07:54.262Z  INFO 1 --- [auth-service] [main] [                                                 ] c.s.authservice.AuthServiceApplication   : Starting AuthServiceApplication v1.0.0 using Java 21.0.9 with PID 1 (/app/app.jar started by root in /app)
2025-12-02T06:07:54.320Z DEBUG 1 --- [auth-service] [main] [                                                 ] c.s.authservice.AuthServiceApplication   : Running with Spring Boot v3.3.4, Spring v6.1.13
2025-12-02T06:07:54.324Z  INFO 1 --- [auth-service] [main] [                                                 ] c.s.authservice.AuthServiceApplication   : No active profile set, falling back to 1 default profile: "default"
2025-12-02T06:08:16.179Z  INFO 1 --- [auth-service] [main] [                                                 ] .s.d.r.c.RepositoryConfigurationDelegate : Bootstrapping Spring Data JPA repositories in DEFAULT mode.
2025-12-02T06:08:18.680Z  INFO 1 --- [auth-service] [main] [                                                 ] .s.d.r.c.RepositoryConfigurationDelegate : Finished Spring Data repository scanning in 2279 ms. Found 1 JPA repository interface.
2025-12-02T06:08:22.473Z  INFO 1 --- [auth-service] [main] [                                                 ] o.s.cloud.context.scope.GenericScope     : BeanFactory id=a9557279-498c-3abd-808e-7355ba386e4e
2025-12-02T06:08:27.336Z  WARN 1 --- [auth-service] [main] [                                                 ] trationDelegate$BeanPostProcessorChecker : Bean 'org.springframework.cloud.client.loadbalancer.LoadBalancerAutoConfiguration$DeferringLoadBalancerInterceptorConfig' of type [org.springframework.cloud.client.loadbalancer.LoadBalancerAutoConfiguration$DeferringLoadBalancerInterceptorConfig] is not eligible for getting processed by all BeanPostProcessors (for example: not eligible for auto-proxying). The currently created BeanPostProcessor [lbRestClientPostProcessor] is declared through a non-static factory method on that class; consider declaring it as static instead.
2025-12-02T06:08:27.365Z  WARN 1 --- [auth-service] [main] [                                                 ] trationDelegate$BeanPostProcessorChecker : Bean 'deferringLoadBalancerInterceptor' of type [org.springframework.cloud.client.loadbalancer.DeferringLoadBalancerInterceptor] is not eligible for getting processed by all BeanPostProcessors (for example: not eligible for auto-proxying). Is this bean getting eagerly injected into a currently created BeanPostProcessor [lbRestClientPostProcessor]? Check the corresponding BeanPostProcessor declaration and its dependencies.
2025-12-02T06:08:27.413Z  WARN 1 --- [auth-service] [main] [                                                 ] trationDelegate$BeanPostProcessorChecker : Bean 'org.springframework.cloud.client.loadbalancer.reactive.LoadBalancerBeanPostProcessorAutoConfiguration' of type [org.springframework.cloud.client.loadbalancer.reactive.LoadBalancerBeanPostProcessorAutoConfiguration] is not eligible for getting processed by all BeanPostProcessors (for example: not eligible for auto-proxying). The currently created BeanPostProcessor [loadBalancerWebClientBuilderBeanPostProcessor] is declared through a non-static factory method on that class; consider declaring it as static instead.
2025-12-02T06:08:27.444Z  WARN 1 --- [auth-service] [main] [                                                 ] trationDelegate$BeanPostProcessorChecker : Bean 'org.springframework.cloud.client.loadbalancer.reactive.LoadBalancerBeanPostProcessorAutoConfiguration$ReactorDeferringLoadBalancerFilterConfig' of type [org.springframework.cloud.client.loadbalancer.reactive.LoadBalancerBeanPostProcessorAutoConfiguration$ReactorDeferringLoadBalancerFilterConfig] is not eligible for getting processed by all BeanPostProcessors (for example: not eligible for auto-proxying). Is this bean getting eagerly injected into a currently created BeanPostProcessor [loadBalancerWebClientBuilderBeanPostProcessor]? Check the corresponding BeanPostProcessor declaration and its dependencies.
2025-12-02T06:08:27.475Z  WARN 1 --- [auth-service] [main] [                                                 ] trationDelegate$BeanPostProcessorChecker : Bean 'reactorDeferringLoadBalancerExchangeFilterFunction' of type [org.springframework.cloud.client.loadbalancer.reactive.DeferringLoadBalancerExchangeFilterFunction] is not eligible for getting processed by all BeanPostProcessors (for example: not eligible for auto-proxying). Is this bean getting eagerly injected into a currently created BeanPostProcessor [loadBalancerWebClientBuilderBeanPostProcessor]? Check the corresponding BeanPostProcessor declaration and its dependencies.
2025-12-02T06:08:30.236Z  INFO 1 --- [auth-service] [main] [                                                 ] o.s.b.w.embedded.tomcat.TomcatWebServer  : Tomcat initialized with port 8080 (http)
2025-12-02T06:08:30.654Z  INFO 1 --- [auth-service] [main] [                                                 ] o.apache.catalina.core.StandardService   : Starting service [Tomcat]
2025-12-02T06:08:30.680Z  INFO 1 --- [auth-service] [main] [                                                 ] o.apache.catalina.core.StandardEngine    : Starting Servlet engine: [Apache Tomcat/10.1.30]
2025-12-02T06:08:31.826Z  INFO 1 --- [auth-service] [main] [                                                 ] o.a.c.c.C.[Tomcat].[localhost].[/]       : Initializing Spring embedded WebApplicationContext
2025-12-02T06:08:31.836Z  INFO 1 --- [auth-service] [main] [                                                 ] w.s.c.ServletWebServerApplicationContext : Root WebApplicationContext: initialization completed in 36437 ms
2025-12-02T06:08:40.396Z  INFO 1 --- [auth-service] [main] [                                                 ] o.hibernate.jpa.internal.util.LogHelper  : HHH000204: Processing PersistenceUnitInfo [name: default]
2025-12-02T06:08:41.288Z  INFO 1 --- [auth-service] [main] [                                                 ] org.hibernate.Version                    : HHH000412: Hibernate ORM core version 6.5.3.Final
2025-12-02T06:08:41.626Z  INFO 1 --- [auth-service] [main] [                                                 ] o.h.c.internal.RegionFactoryInitiator    : HHH000026: Second-level cache disabled
2025-12-02T06:08:45.291Z  INFO 1 --- [auth-service] [main] [                                                 ] o.s.o.j.p.SpringPersistenceUnitInfo      : No LoadTimeWeaver setup: ignoring JPA class transformer
2025-12-02T06:08:45.715Z  INFO 1 --- [auth-service] [main] [                                                 ] com.zaxxer.hikari.HikariDataSource       : HikariPool-1 - Starting...
2025-12-02T06:08:47.759Z  INFO 1 --- [auth-service] [main] [                                                 ] com.zaxxer.hikari.pool.HikariPool        : HikariPool-1 - Added connection org.postgresql.jdbc.PgConnection@1d51b6a8
2025-12-02T06:08:47.776Z  INFO 1 --- [auth-service] [main] [                                                 ] com.zaxxer.hikari.HikariDataSource       : HikariPool-1 - Start completed.
2025-12-02T06:08:48.387Z  WARN 1 --- [auth-service] [main] [                                                 ] org.hibernate.orm.deprecation            : HHH90000025: PostgreSQLDialect does not need to be specified explicitly using 'hibernate.dialect' (remove the property setting and it will be selected by default)
2025-12-02T06:08:57.493Z  INFO 1 --- [auth-service] [main] [                                                 ] o.h.e.t.j.p.i.JtaPlatformInitiator       : HHH000489: No JTA platform available (set 'hibernate.transaction.jta.platform' to enable JTA platform integration)
2025-12-02T06:08:57.981Z  INFO 1 --- [auth-service] [main] [                                                 ] j.LocalContainerEntityManagerFactoryBean : Initialized JPA EntityManagerFactory for persistence unit 'default'
2025-12-02T06:08:59.961Z  INFO 1 --- [auth-service] [main] [                                                 ] eAuthenticationProviderManagerConfigurer : Global AuthenticationManager configured with AuthenticationProvider bean with name authenticationProvider
2025-12-