2025-12-02T06:07:56.097Z  INFO 1 --- [eureka-server] [main] [                                                 ] c.s.e.EurekaServerApplication            : Starting EurekaServerApplication v1.0.0 using Java 21.0.9 with PID 1 (/app/app.jar started by root in /app)
2025-12-02T06:07:56.250Z  INFO 1 --- [eureka-server] [main] [                                                 ] c.s.e.EurekaServerApplication            : No active profile set, falling back to 1 default profile: "default"
2025-12-02T06:08:17.205Z  INFO 1 --- [eureka-server] [main] [                                                 ] o.s.cloud.context.scope.GenericScope     : BeanFactory id=6a6947e3-3d35-3688-9124-f6c7de4daa20
2025-12-02T06:08:18.275Z  WARN 1 --- [eureka-server] [main] [                                                 ] trationDelegate$BeanPostProcessorChecker : Bean 'org.springframework.cloud.client.loadbalancer.LoadBalancerAutoConfiguration$DeferringLoadBalancerInterceptorConfig' of type [org.springframework.cloud.client.loadbalancer.LoadBalancerAutoConfiguration$DeferringLoadBalancerInterceptorConfig] is not eligible for getting processed by all BeanPostProcessors (for example: not eligible for auto-proxying). The currently created BeanPostProcessor [lbRestClientPostProcessor] is declared through a non-static factory method on that class; consider declaring it as static instead.
2025-12-02T06:08:18.330Z  WARN 1 --- [eureka-server] [main] [                                                 ] trationDelegate$BeanPostProcessorChecker : Bean 'deferringLoadBalancerInterceptor' of type [org.springframework.cloud.client.loadbalancer.DeferringLoadBalancerInterceptor] is not eligible for getting processed by all BeanPostProcessors (for example: not eligible for auto-proxying). Is this bean getting eagerly injected into a currently created BeanPostProcessor [lbRestClientPostProcessor]? Check the corresponding BeanPostProcessor declaration and its dependencies.
2025-12-02T06:08:21.443Z  INFO 1 --- [eureka-server] [main] [                                                 ] o.s.b.w.embedded.tomcat.TomcatWebServer  : Tomcat initialized with port 8761 (http)
2025-12-02T06:08:21.623Z  INFO 1 --- [eureka-server] [main] [                                                 ] o.apache.catalina.core.StandardService   : Starting service [Tomcat]
2025-12-02T06:08:21.628Z  INFO 1 --- [eureka-server] [main] [                                                 ] o.apache.catalina.core.StandardEngine    : Starting Servlet engine: [Apache Tomcat/10.1.30]
2025-12-02T06:08:21.913Z  INFO 1 --- [eureka-server] [main] [                                                 ] o.a.c.c.C.[Tomcat].[localhost].[/]       : Initializing Spring embedded WebApplicationContext
2025-12-02T06:08:21.916Z  INFO 1 --- [eureka-server] [main] [                                                 ] w.s.c.ServletWebServerApplicationContext : Root WebApplicationContext: initialization completed in 24741 ms
2025-12-02T06:08:38.212Z  INFO 1 --- [eureka-server] [main] [                                                 ] c.n.d.provider.DiscoveryJerseyProvider   : Using JSON encoding codec LegacyJacksonJson
2025-12-02T06:08:38.233Z  INFO 1 --- [eureka-server] [main] [                                                 ] c.n.d.provider.DiscoveryJerseyProvider   : Using JSON decoding codec LegacyJacksonJson
2025-12-02T06:08:40.069Z  INFO 1 --- [eureka-server] [main] [                                                 ] c.n.d.provider.DiscoveryJerseyProvider   : Using XML encoding codec XStreamXml
2025-12-02T06:08:40.085Z  INFO 1 --- [eureka-server] [main] [                                                 ] c.n.d.provider.DiscoveryJerseyProvider   : Using XML decoding codec XStreamXml
2025-12-02T06:08:49.584Z  WARN 1 --- [eureka-server] [main] [                                                 ] iguration$LoadBalancerCaffeineWarnLogger : Spring Cloud LoadBalancer is currently working with the default cache. While this cache implementation is useful for development and tests, it's recommended to use Caffeine cache in production.You can switch to using Caffeine cache, by adding it and org.springframework.cache.caffeine.CaffeineCacheManager to the classpath.
2025-12-02T06:08:49.815Z  INFO 1 --- [eureka-server] [main] [                                                 ] o.s.c.n.eureka.InstanceInfoFactory       : Setting initial instance status as: STARTING
2025-12-02T06:08:50.006Z  INFO 1 --- [eureka-server] [main] [                                                 ] com.netflix.discovery.DiscoveryClient    : Initializing Eureka in region us-east-1
2025-12-02T06:08:50.008Z  INFO 1 --- [eureka-server] [main] [                                                 ] com.netflix.discovery.DiscoveryClient    : Client configured to neither register nor query for data.
2025-12-02T06:08:50.034Z  INFO 1 --- [eureka-server] [main] [                                                 ] com.netflix.discovery.DiscoveryClient    : Discovery Client initialized at timestamp 1764655730020 with initial instances count: 0
2025-12-02T06:08:50.734Z  INFO 1 --- [eureka-server] [main] [                                                 ] c.n.eureka.DefaultEurekaServerContext    : Initializing ...
2025-12-02T06:08:50.766Z  INFO 1 --- [eureka-server] [main] [                                                 ] c.n.eureka.cluster.PeerEurekaNodes       : Adding new peer nodes [http://localhost:8761/eureka/]
2025-12-02T06:08:51.031Z  INFO 1 --- [eureka-server] [main] [                                                 ] c.n.d.provider.DiscoveryJerseyProvider   : Using JSON encoding codec LegacyJacksonJson
2025-12-02T06:08:51.032Z  INFO 1 --- [eureka-server] [main] [                                                 ] c.n.d.provider.DiscoveryJerseyProvider   : Using JSON decoding codec LegacyJacksonJson
2025-12-02T06:08:51.034Z  INFO 1 --- [eureka-server] [main] [                                                 ] c.n.d.provider.DiscoveryJerseyProvider   : Using XML encoding codec XStreamXml
2025-12-02T06:08:51.036Z  INFO 1 --- [eureka-server] [main] [                                                 ] c.n.d.provider.DiscoveryJerseyProvider   : Using XML decoding codec XStreamXml
2025-12-02T06:08:51.386Z  INFO 1 --- [eureka-server] [main] [                                                 ] c.n.eureka.cluster.PeerEurekaNodes       : Replica node URL:  http://localhost:8761/eureka/
2025-12-02T06:08:51.463Z  INFO 1 --- [eureka-server] [main] [                                                 ] c.n.e.registry.AbstractInstanceRegistry  : Finished initializing remote region registries. All known remote regions: []
2025-12-02T06:08:51.467Z  INFO 1 --- [eureka-server] [main] [                                                 ] c.n.eureka.DefaultEurekaServerContext    : Initialized
2025-12-02T06:08:51.597Z  INFO 1 --- [eureka-server] [main] [                                                 ] o.s.b.a.e.web.EndpointLinksResolver      : Exposing 18 endpoints beneath base path '/actuator'
2025-12-02T06:08:52.071Z  INFO 1 --- [eureka-server] [main] [                                                 ] o.s.c.n.e.s.EurekaServiceRegistry        : Registering application EUREKA-SERVER with eureka with status UP
2025-12-02T06:08:52.175Z  INFO 1 --- [eureka-server] [Thread-9] [                                                 ] o.s.c.n.e.server.EurekaServerBootstrap   : isAws returned false
2025-12-02T06:08:52.182Z  INFO 1 --- [eureka-server] [Thread-9] [                                                 ] o.s.c.n.e.server.EurekaServerBootstrap   : Initialized server context
2025-12-02T06:08:52.184Z  INFO 1 --- [eureka-server] [Thread-9] [                                                 ] c.n.e.r.PeerAwareInstanceRegistryImpl    : Got 1 instances from neighboring DS node
2025-12-02T06:08:52.188Z  INFO 1 --- [eureka-server] [Thread-9] [                                                 ] c.n.e.r.PeerAwareInstanceRegistryImpl    : Renew threshold is: 1
2025-12-02T06:08:52.196Z  INFO 1 --- [eureka-server] [Thread-9] [                                                 ] c.n.e.r.PeerAwareInstanceRegistryImpl    : Changing status to 